<?xml version="1.0" encoding="UTF-8"?>
<testng-results ignored="0" total="4" passed="4" failed="0" skipped="0">
  <reporter-output>
  </reporter-output>
  <suite started-at="2024-11-07T23:57:04 IST" name="Suite" finished-at="2024-11-07T23:58:34 IST" duration-ms="89275">
    <groups>
    </groups>
    <test started-at="2024-11-07T23:57:04 IST" name="Test" finished-at="2024-11-07T23:57:18 IST" duration-ms="13025">
      <class name="tc1">
        <test-method is-config="true" signature="setUp()[pri:0, instance:tc1@1a4927d6]" started-at="2024-11-07T23:57:05 IST" name="setUp" finished-at="2024-11-07T23:57:07 IST" duration-ms="2000" status="PASS">
          <reporter-output>
          </reporter-output>
        </test-method> <!-- setUp -->
        <test-method signature="verifyTitle()[pri:0, instance:tc1@1a4927d6]" started-at="2024-11-07T23:57:07 IST" name="verifyTitle" finished-at="2024-11-07T23:57:17 IST" duration-ms="10551" status="PASS">
          <reporter-output>
          </reporter-output>
        </test-method> <!-- verifyTitle -->
        <test-method is-config="true" signature="tearDown()[pri:0, instance:tc1@1a4927d6]" started-at="2024-11-07T23:57:17 IST" name="tearDown" finished-at="2024-11-07T23:57:18 IST" duration-ms="340" status="PASS">
          <reporter-output>
          </reporter-output>
        </test-method> <!-- tearDown -->
      </class> <!-- tc1 -->
    </test> <!-- Test -->
    <test started-at="2024-11-07T23:57:18 IST" name="Test1" finished-at="2024-11-07T23:57:58 IST" duration-ms="40513">
      <class name="tc2">
        <test-method is-config="true" signature="beforeTest()[pri:0, instance:tc2@1b66c0fb]" started-at="2024-11-07T23:57:18 IST" name="beforeTest" finished-at="2024-11-07T23:57:29 IST" duration-ms="11673" status="PASS">
          <reporter-output>
          </reporter-output>
        </test-method> <!-- beforeTest -->
        <test-method signature="f()[pri:0, instance:tc2@1b66c0fb]" started-at="2024-11-07T23:57:29 IST" name="f" finished-at="2024-11-07T23:57:58 IST" duration-ms="28498" status="PASS">
          <reporter-output>
          </reporter-output>
        </test-method> <!-- f -->
        <test-method is-config="true" signature="afterTest()[pri:0, instance:tc2@1b66c0fb]" started-at="2024-11-07T23:57:58 IST" name="afterTest" finished-at="2024-11-07T23:57:58 IST" duration-ms="338" status="PASS">
          <reporter-output>
          </reporter-output>
        </test-method> <!-- afterTest -->
      </class> <!-- tc2 -->
    </test> <!-- Test1 -->
    <test started-at="2024-11-07T23:57:58 IST" name="Test2" finished-at="2024-11-07T23:58:21 IST" duration-ms="23023">
      <class name="tc3">
        <test-method is-config="true" signature="beforeTest()[pri:0, instance:tc3@45385f75]" started-at="2024-11-07T23:57:58 IST" name="beforeTest" finished-at="2024-11-07T23:58:06 IST" duration-ms="7913" status="PASS">
          <reporter-output>
          </reporter-output>
        </test-method> <!-- beforeTest -->
        <test-method signature="f()[pri:0, instance:tc3@45385f75]" started-at="2024-11-07T23:58:06 IST" name="f" finished-at="2024-11-07T23:58:19 IST" duration-ms="13015" status="PASS">
          <reporter-output>
          </reporter-output>
        </test-method> <!-- f -->
        <test-method is-config="true" signature="afterTest()[pri:0, instance:tc3@45385f75]" started-at="2024-11-07T23:58:19 IST" name="afterTest" finished-at="2024-11-07T23:58:21 IST" duration-ms="2075" status="PASS">
          <reporter-output>
          </reporter-output>
        </test-method> <!-- afterTest -->
      </class> <!-- tc3 -->
    </test> <!-- Test2 -->
    <test started-at="2024-11-07T23:58:21 IST" name="Test3" finished-at="2024-11-07T23:58:34 IST" duration-ms="12641">
      <class name="tc4">
        <test-method is-config="true" signature="beforeTest()[pri:0, instance:tc4@f58853c]" started-at="2024-11-07T23:58:21 IST" name="beforeTest" finished-at="2024-11-07T23:58:30 IST" duration-ms="8730" status="PASS">
          <reporter-output>
          </reporter-output>
        </test-method> <!-- beforeTest -->
        <test-method signature="f()[pri:0, instance:tc4@f58853c]" started-at="2024-11-07T23:58:30 IST" name="f" finished-at="2024-11-07T23:58:34 IST" duration-ms="3905" status="PASS">
          <reporter-output>
          </reporter-output>
        </test-method> <!-- f -->
        <test-method is-config="true" signature="afterTest()[pri:0, instance:tc4@f58853c]" started-at="2024-11-07T23:58:34 IST" name="afterTest" finished-at="2024-11-07T23:58:34 IST" duration-ms="0" status="PASS">
          <reporter-output>
          </reporter-output>
        </test-method> <!-- afterTest -->
      </class> <!-- tc4 -->
    </test> <!-- Test3 -->
  </suite> <!-- Suite -->
</testng-results>
